# JRE version: Java(TM) SE Runtime Environment (8.0_91-b14) (build 1.8.0_91-b14)
# Java VM: Java HotSpot(TM) 64-Bit Server VM (25.91-b14 mixed mode windows-amd64 compressed oops)
Heap:
 PSYoungGen      total 30208K, used 11500K [0x00000000d6e00000, 0x00000000d9b80000, 0x0000000100000000)
  eden space 27136K, 32% used [0x00000000d6e00000,0x00000000d76b3ab8,0x00000000d8880000)
  from space 3072K, 84% used [0x00000000d8900000,0x00000000d8b878d8,0x00000000d8c00000)
  to   space 9728K, 0% used [0x00000000d9200000,0x00000000d9200000,0x00000000d9b80000)
 ParOldGen       total 45568K, used 13296K [0x0000000084a00000, 0x0000000087680000, 0x00000000d6e00000)
  object space 45568K, 29% used [0x0000000084a00000,0x00000000856fc2d8,0x0000000087680000)
 Metaspace       used 26023K, capacity 26352K, committed 26496K, reserved 1073152K
  class space    used 3341K, capacity 3449K, committed 3456K, reserved 1048576K
GC Heap History (10 events):
Event: 77.983 GC heap before
{Heap before GC invocations=10 (full 1):
 PSYoungGen      total 38912K, used 30964K [0x00000000d6e00000, 0x00000000d9e00000, 0x0000000100000000)
  eden space 29696K, 100% used [0x00000000d6e00000,0x00000000d8b00000,0x00000000d8b00000)
  from space 9216K, 13% used [0x00000000d9480000,0x00000000d95bd048,0x00000000d9d80000)
  to   space 9728K, 0% used [0x00000000d8b00000,0x00000000d8b00000,0x00000000d9480000)
 ParOldGen       total 45568K, used 10581K [0x0000000084a00000, 0x0000000087680000, 0x00000000d6e00000)
  object space 45568K, 23% used [0x0000000084a00000,0x0000000085455458,0x0000000087680000)
 Metaspace       used 21135K, capacity 21468K, committed 21760K, reserved 1069056K
  class space    used 2656K, capacity 2731K, committed 2816K, reserved 1048576K
Event: 77.988 GC heap after
Heap after GC invocations=10 (full 1):
 PSYoungGen      total 33792K, used 4337K [0x00000000d6e00000, 0x00000000d9d80000, 0x0000000100000000)
  eden space 29184K, 0% used [0x00000000d6e00000,0x00000000d6e00000,0x00000000d8a80000)
  from space 4608K, 94% used [0x00000000d8b00000,0x00000000d8f3c778,0x00000000d8f80000)
  to   space 9728K, 0% used [0x00000000d9400000,0x00000000d9400000,0x00000000d9d80000)
 ParOldGen       total 45568K, used 10581K [0x0000000084a00000, 0x0000000087680000, 0x00000000d6e00000)
  object space 45568K, 23% used [0x0000000084a00000,0x0000000085455458,0x0000000087680000)
 Metaspace       used 21135K, capacity 21468K, committed 21760K, reserved 1069056K
  class space    used 2656K, capacity 2731K, committed 2816K, reserved 1048576K
}
Event: 79.647 GC heap before
{Heap before GC invocations=11 (full 1):
 PSYoungGen      total 33792K, used 33521K [0x00000000d6e00000, 0x00000000d9d80000, 0x0000000100000000)
  eden space 29184K, 100% used [0x00000000d6e00000,0x00000000d8a80000,0x00000000d8a80000)
  from space 4608K, 94% used [0x00000000d8b00000,0x00000000d8f3c778,0x00000000d8f80000)
  to   space 9728K, 0% used [0x00000000d9400000,0x00000000d9400000,0x00000000d9d80000)
 ParOldGen       total 45568K, used 10581K [0x0000000084a00000, 0x0000000087680000, 0x00000000d6e00000)
  object space 45568K, 23% used [0x0000000084a00000,0x0000000085455458,0x0000000087680000)
 Metaspace       used 21888K, capacity 22190K, committed 22400K, reserved 1069056K
  class space    used 2765K, capacity 2862K, committed 2944K, reserved 1048576K
Event: 79.650 GC heap after
Heap after GC invocations=11 (full 1):
 PSYoungGen      total 37888K, used 2130K [0x00000000d6e00000, 0x00000000d9d00000, 0x0000000100000000)
  eden space 28672K, 0% used [0x00000000d6e00000,0x00000000d6e00000,0x00000000d8a00000)
  from space 9216K, 23% used [0x00000000d9400000,0x00000000d9614bd0,0x00000000d9d00000)
  to   space 9728K, 0% used [0x00000000d8a00000,0x00000000d8a00000,0x00000000d9380000)
 ParOldGen       total 45568K, used 11075K [0x0000000084a00000, 0x0000000087680000, 0x00000000d6e00000)
  object space 45568K, 24% used [0x0000000084a00000,0x00000000854d0ea0,0x0000000087680000)
 Metaspace       used 21888K, capacity 22190K, committed 22400K, reserved 1069056K
  class space    used 2765K, capacity 2862K, committed 2944K, reserved 1048576K
}
Event: 81.862 GC heap before
{Heap before GC invocations=12 (full 1):
 PSYoungGen      total 37888K, used 30802K [0x00000000d6e00000, 0x00000000d9d00000, 0x0000000100000000)
  eden space 28672K, 100% used [0x00000000d6e00000,0x00000000d8a00000,0x00000000d8a00000)
  from space 9216K, 23% used [0x00000000d9400000,0x00000000d9614bd0,0x00000000d9d00000)
  to   space 9728K, 0% used [0x00000000d8a00000,0x00000000d8a00000,0x00000000d9380000)
 ParOldGen       total 45568K, used 11075K [0x0000000084a00000, 0x0000000087680000, 0x00000000d6e00000)
  object space 45568K, 24% used [0x0000000084a00000,0x00000000854d0ea0,0x0000000087680000)
 Metaspace       used 22404K, capacity 22734K, committed 23040K, reserved 1069056K
  class space    used 2857K, capacity 2958K, committed 3072K, reserved 1048576K
Event: 81.865 GC heap after
Heap after GC invocations=12 (full 1):
 PSYoungGen      total 30208K, used 1593K [0x00000000d6e00000, 0x00000000d9c80000, 0x0000000100000000)
  eden space 28160K, 0% used [0x00000000d6e00000,0x00000000d6e00000,0x00000000d8980000)
  from space 2048K, 77% used [0x00000000d8a00000,0x00000000d8b8e768,0x00000000d8c00000)
  to   space 9728K, 0% used [0x00000000d9300000,0x00000000d9300000,0x00000000d9c80000)
 ParOldGen       total 45568K, used 11565K [0x0000000084a00000, 0x0000000087680000, 0x00000000d6e00000)
  object space 45568K, 25% used [0x0000000084a00000,0x000000008554b7f8,0x0000000087680000)
 Metaspace       used 22404K, capacity 22734K, committed 23040K, reserved 1069056K
  class space    used 2857K, capacity 2958K, committed 3072K, reserved 1048576K
}
Event: 87.981 GC heap before
{Heap before GC invocations=13 (full 1):
 PSYoungGen      total 30208K, used 29753K [0x00000000d6e00000, 0x00000000d9c80000, 0x0000000100000000)
  eden space 28160K, 100% used [0x00000000d6e00000,0x00000000d8980000,0x00000000d8980000)
  from space 2048K, 77% used [0x00000000d8a00000,0x00000000d8b8e768,0x00000000d8c00000)
  to   space 9728K, 0% used [0x00000000d9300000,0x00000000d9300000,0x00000000d9c80000)
 ParOldGen       total 45568K, used 11565K [0x0000000084a00000, 0x0000000087680000, 0x00000000d6e00000)
  object space 45568K, 25% used [0x0000000084a00000,0x000000008554b7f8,0x0000000087680000)
 Metaspace       used 23755K, capacity 24126K, committed 24448K, reserved 1071104K
  class space    used 3043K, capacity 3158K, committed 3200K, reserved 1048576K
Event: 87.985 GC heap after
Heap after GC invocations=13 (full 1):
 PSYoungGen      total 36864K, used 2273K [0x00000000d6e00000, 0x00000000d9c00000, 0x0000000100000000)
  eden space 27648K, 0% used [0x00000000d6e00000,0x00000000d6e00000,0x00000000d8900000)
  from space 9216K, 24% used [0x00000000d9300000,0x00000000d95384f8,0x00000000d9c00000)
  to   space 9728K, 0% used [0x00000000d8900000,0x00000000d8900000,0x00000000d9280000)
 ParOldGen       total 45568K, used 11869K [0x0000000084a00000, 0x0000000087680000, 0x00000000d6e00000)
  object space 45568K, 26% used [0x0000000084a00000,0x00000000855977f8,0x0000000087680000)
 Metaspace       used 23755K, capacity 24126K, committed 24448K, reserved 1071104K
  class space    used 3043K, capacity 3158K, committed 3200K, reserved 1048576K
}
Event: 89.884 GC heap before
{Heap before GC invocations=14 (full 1):
 PSYoungGen      total 36864K, used 29921K [0x00000000d6e00000, 0x00000000d9c00000, 0x0000000100000000)
  eden space 27648K, 100% used [0x00000000d6e00000,0x00000000d8900000,0x00000000d8900000)
  from space 9216K, 24% used [0x00000000d9300000,0x00000000d95384f8,0x00000000d9c00000)
  to   space 9728K, 0% used [0x00000000d8900000,0x00000000d8900000,0x00000000d9280000)
 ParOldGen       total 45568K, used 11869K [0x0000000084a00000, 0x0000000087680000, 0x00000000d6e00000)
  object space 45568K, 26% used [0x0000000084a00000,0x00000000855977f8,0x0000000087680000)
 Metaspace       used 25840K, capacity 26180K, committed 26496K, reserved 1073152K
  class space    used 3309K, capacity 3415K, committed 3456K, reserved 1048576K
Event: 89.888 GC heap after
Heap after GC invocations=14 (full 1):
 PSYoungGen      total 30208K, used 2590K [0x00000000d6e00000, 0x00000000d9b80000, 0x0000000100000000)
  eden space 27136K, 0% used [0x00000000d6e00000,0x00000000d6e00000,0x00000000d8880000)
  from space 3072K, 84% used [0x00000000d8900000,0x00000000d8b878d8,0x00000000d8c00000)
  to   space 9728K, 0% used [0x00000000d9200000,0x00000000d9200000,0x00000000d9b80000)
 ParOldGen       total 45568K, used 13296K [0x0000000084a00000, 0x0000000087680000, 0x00000000d6e00000)
  object space 45568K, 29% used [0x0000000084a00000,0x00000000856fc2d8,0x0000000087680000)
 Metaspace       used 25840K, capacity 26180K, committed 26496K, reserved 1073152K
  class space    used 3309K, capacity 3415K, committed 3456K, reserved 1048576K
}

