# JRE version: Java(TM) SE Runtime Environment (8.0_91-b14) (build 1.8.0_91-b14)
# Java VM: Java HotSpot(TM) 64-Bit Server VM (25.91-b14 mixed mode windows-amd64 compressed oops)
Heap:
 PSYoungGen      total 214528K, used 126977K [0x00000000d6e00000, 0x00000000e6e80000, 0x0000000100000000)
  eden space 201216K, 57% used [0x00000000d6e00000,0x00000000ddec46a0,0x00000000e3280000)
  from space 13312K, 86% used [0x00000000e3280000,0x00000000e3dbc0e8,0x00000000e3f80000)
  to   space 14336K, 0% used [0x00000000e6080000,0x00000000e6080000,0x00000000e6e80000)
 ParOldGen       total 86016K, used 23235K [0x0000000084a00000, 0x0000000089e00000, 0x00000000d6e00000)
  object space 86016K, 27% used [0x0000000084a00000,0x00000000860b0c70,0x0000000089e00000)
 Metaspace       used 52396K, capacity 52848K, committed 53376K, reserved 1095680K
  class space    used 7073K, capacity 7189K, committed 7296K, reserved 1048576K
GC Heap History (10 events):
Event: 7.237 GC heap before
{Heap before GC invocations=11 (full 1):
 PSYoungGen      total 131584K, used 130547K [0x00000000d6e00000, 0x00000000e1680000, 0x0000000100000000)
  eden space 121856K, 100% used [0x00000000d6e00000,0x00000000de500000,0x00000000de500000)
  from space 9728K, 89% used [0x00000000de500000,0x00000000ded7cf40,0x00000000dee80000)
  to   space 10240K, 0% used [0x00000000e0c80000,0x00000000e0c80000,0x00000000e1680000)
 ParOldGen       total 54784K, used 10086K [0x0000000084a00000, 0x0000000087f80000, 0x00000000d6e00000)
  object space 54784K, 18% used [0x0000000084a00000,0x00000000853d98b0,0x0000000087f80000)
 Metaspace       used 31444K, capacity 31772K, committed 32128K, reserved 1077248K
  class space    used 4009K, capacity 4125K, committed 4224K, reserved 1048576K
Event: 7.255 GC heap after
Heap after GC invocations=11 (full 1):
 PSYoungGen      total 161280K, used 10028K [0x00000000d6e00000, 0x00000000e2780000, 0x0000000100000000)
  eden space 151040K, 0% used [0x00000000d6e00000,0x00000000d6e00000,0x00000000e0180000)
  from space 10240K, 97% used [0x00000000e0c80000,0x00000000e164b278,0x00000000e1680000)
  to   space 11264K, 0% used [0x00000000e0180000,0x00000000e0180000,0x00000000e0c80000)
 ParOldGen       total 54784K, used 10860K [0x0000000084a00000, 0x0000000087f80000, 0x00000000d6e00000)
  object space 54784K, 19% used [0x0000000084a00000,0x000000008549b2f8,0x0000000087f80000)
 Metaspace       used 31444K, capacity 31772K, committed 32128K, reserved 1077248K
  class space    used 4009K, capacity 4125K, committed 4224K, reserved 1048576K
}
Event: 8.269 GC heap before
{Heap before GC invocations=12 (full 1):
 PSYoungGen      total 161280K, used 41362K [0x00000000d6e00000, 0x00000000e2780000, 0x0000000100000000)
  eden space 151040K, 20% used [0x00000000d6e00000,0x00000000d8c99618,0x00000000e0180000)
  from space 10240K, 97% used [0x00000000e0c80000,0x00000000e164b278,0x00000000e1680000)
  to   space 11264K, 0% used [0x00000000e0180000,0x00000000e0180000,0x00000000e0c80000)
 ParOldGen       total 54784K, used 10860K [0x0000000084a00000, 0x0000000087f80000, 0x00000000d6e00000)
  object space 54784K, 19% used [0x0000000084a00000,0x000000008549b2f8,0x0000000087f80000)
 Metaspace       used 34914K, capacity 35210K, committed 35496K, reserved 1081344K
  class space    used 4450K, capacity 4548K, committed 4608K, reserved 1048576K
Event: 8.286 GC heap after
Heap after GC invocations=12 (full 1):
 PSYoungGen      total 162304K, used 3421K [0x00000000d6e00000, 0x00000000e4c80000, 0x0000000100000000)
  eden space 151040K, 0% used [0x00000000d6e00000,0x00000000d6e00000,0x00000000e0180000)
  from space 11264K, 30% used [0x00000000e0180000,0x00000000e04d77d0,0x00000000e0c80000)
  to   space 11264K, 0% used [0x00000000e4180000,0x00000000e4180000,0x00000000e4c80000)
 ParOldGen       total 54784K, used 15838K [0x0000000084a00000, 0x0000000087f80000, 0x00000000d6e00000)
  object space 54784K, 28% used [0x0000000084a00000,0x0000000085977be0,0x0000000087f80000)
 Metaspace       used 34914K, capacity 35210K, committed 35496K, reserved 1081344K
  class space    used 4450K, capacity 4548K, committed 4608K, reserved 1048576K
}
Event: 8.286 GC heap before
{Heap before GC invocations=13 (full 2):
 PSYoungGen      total 162304K, used 3421K [0x00000000d6e00000, 0x00000000e4c80000, 0x0000000100000000)
  eden space 151040K, 0% used [0x00000000d6e00000,0x00000000d6e00000,0x00000000e0180000)
  from space 11264K, 30% used [0x00000000e0180000,0x00000000e04d77d0,0x00000000e0c80000)
  to   space 11264K, 0% used [0x00000000e4180000,0x00000000e4180000,0x00000000e4c80000)
 ParOldGen       total 54784K, used 15838K [0x0000000084a00000, 0x0000000087f80000, 0x00000000d6e00000)
  object space 54784K, 28% used [0x0000000084a00000,0x0000000085977be0,0x0000000087f80000)
 Metaspace       used 34914K, capacity 35210K, committed 35496K, reserved 1081344K
  class space    used 4450K, capacity 4548K, committed 4608K, reserved 1048576K
Event: 8.452 GC heap after
Heap after GC invocations=13 (full 2):
 PSYoungGen      total 162304K, used 0K [0x00000000d6e00000, 0x00000000e4c80000, 0x0000000100000000)
  eden space 151040K, 0% used [0x00000000d6e00000,0x00000000d6e00000,0x00000000e0180000)
  from space 11264K, 0% used [0x00000000e0180000,0x00000000e0180000,0x00000000e0c80000)
  to   space 11264K, 0% used [0x00000000e4180000,0x00000000e4180000,0x00000000e4c80000)
 ParOldGen       total 86016K, used 18491K [0x0000000084a00000, 0x0000000089e00000, 0x00000000d6e00000)
  object space 86016K, 21% used [0x0000000084a00000,0x0000000085c0ed70,0x0000000089e00000)
 Metaspace       used 34914K, capacity 35210K, committed 35496K, reserved 1081344K
  class space    used 4450K, capacity 4548K, committed 4608K, reserved 1048576K
}
Event: 10.502 GC heap before
{Heap before GC invocations=14 (full 2):
 PSYoungGen      total 162304K, used 151040K [0x00000000d6e00000, 0x00000000e4c80000, 0x0000000100000000)
  eden space 151040K, 100% used [0x00000000d6e00000,0x00000000e0180000,0x00000000e0180000)
  from space 11264K, 0% used [0x00000000e0180000,0x00000000e0180000,0x00000000e0c80000)
  to   space 11264K, 0% used [0x00000000e4180000,0x00000000e4180000,0x00000000e4c80000)
 ParOldGen       total 86016K, used 18491K [0x0000000084a00000, 0x0000000089e00000, 0x00000000d6e00000)
  object space 86016K, 21% used [0x0000000084a00000,0x0000000085c0ed70,0x0000000089e00000)
 Metaspace       used 45262K, capacity 45614K, committed 45952K, reserved 1089536K
  class space    used 6065K, capacity 6154K, committed 6272K, reserved 1048576K
Event: 10.517 GC heap after
Heap after GC invocations=14 (full 2):
 PSYoungGen      total 200704K, used 11255K [0x00000000d6e00000, 0x00000000e4c80000, 0x0000000100000000)
  eden space 189440K, 0% used [0x00000000d6e00000,0x00000000d6e00000,0x00000000e2700000)
  from space 11264K, 99% used [0x00000000e4180000,0x00000000e4c7dfb0,0x00000000e4c80000)
  to   space 13312K, 0% used [0x00000000e3280000,0x00000000e3280000,0x00000000e3f80000)
 ParOldGen       total 86016K, used 19618K [0x0000000084a00000, 0x0000000089e00000, 0x00000000d6e00000)
  object space 86016K, 22% used [0x0000000084a00000,0x0000000085d28a30,0x0000000089e00000)
 Metaspace       used 45262K, capacity 45614K, committed 45952K, reserved 1089536K
  class space    used 6065K, capacity 6154K, committed 6272K, reserved 1048576K
}
Event: 12.449 GC heap before
{Heap before GC invocations=15 (full 2):
 PSYoungGen      total 200704K, used 200695K [0x00000000d6e00000, 0x00000000e4c80000, 0x0000000100000000)
  eden space 189440K, 100% used [0x00000000d6e00000,0x00000000e2700000,0x00000000e2700000)
  from space 11264K, 99% used [0x00000000e4180000,0x00000000e4c7dfb0,0x00000000e4c80000)
  to   space 13312K, 0% used [0x00000000e3280000,0x00000000e3280000,0x00000000e3f80000)
 ParOldGen       total 86016K, used 19618K [0x0000000084a00000, 0x0000000089e00000, 0x00000000d6e00000)
  object space 86016K, 22% used [0x0000000084a00000,0x0000000085d28a30,0x0000000089e00000)
 Metaspace       used 51651K, capacity 52036K, committed 52480K, reserved 1095680K
  class space    used 6970K, capacity 7091K, committed 7168K, reserved 1048576K
Event: 12.470 GC heap after
Heap after GC invocations=15 (full 2):
 PSYoungGen      total 214528K, used 11504K [0x00000000d6e00000, 0x00000000e6e80000, 0x0000000100000000)
  eden space 201216K, 0% used [0x00000000d6e00000,0x00000000d6e00000,0x00000000e3280000)
  from space 13312K, 86% used [0x00000000e3280000,0x00000000e3dbc0e8,0x00000000e3f80000)
  to   space 14336K, 0% used [0x00000000e6080000,0x00000000e6080000,0x00000000e6e80000)
 ParOldGen       total 86016K, used 23235K [0x0000000084a00000, 0x0000000089e00000, 0x00000000d6e00000)
  object space 86016K, 27% used [0x0000000084a00000,0x00000000860b0c70,0x0000000089e00000)
 Metaspace       used 51651K, capacity 52036K, committed 52480K, reserved 1095680K
  class space    used 6970K, capacity 7091K, committed 7168K, reserved 1048576K
}

